docker :  Image paismart-backend:latest Building 
所在位置 C:\Users\a0823\AppData\Local\Temp\ps-script-d96b5e6c-2ba8-4216-a35c-58f01706274e.ps1:86 字符: 1
+ docker compose -f docker-compose.prod.yml build backend 2>&1 | Out-Fi ...
+ ~~~~~~~~~~~~~~~~~~~~~~~~~~~~~~~~~~~~~~~~~~~~~~~~~~~~~~~~~~~~
    + CategoryInfo          : NotSpecified: ( Image paismart-backend:latest Building :String) [], RemoteException
    + FullyQualifiedErrorId : NativeCommandError
 
#1 [internal] load local bake definitions
#1 reading from stdin 541B 0.0s done
#1 DONE 0.0s

#2 [internal] load build definition from Dockerfile
#2 transferring dockerfile: 5.63kB done
#2 DONE 0.0s

#3 [internal] load metadata for docker.io/library/maven:3.9-eclipse-temurin-17
#3 DONE 0.0s

#4 [internal] load metadata for docker.io/library/eclipse-temurin:17-jdk-jammy
#4 ...

#5 [auth] library/eclipse-temurin:pull token for registry-1.docker.io
#5 DONE 0.0s

#4 [internal] load metadata for docker.io/library/eclipse-temurin:17-jdk-jammy
#4 DONE 2.4s

#6 [internal] load .dockerignore
#6 transferring context: 378B done
#6 DONE 0.0s

#7 [stage-1  1/12] FROM docker.io/library/eclipse-temurin:17-jdk-jammy@sha256:978ed38b7785312f7761bee5e24cfcd7ac2fe466c5f07acee7b322e0bae6d0ec
#7 resolve docker.io/library/eclipse-temurin:17-jdk-jammy@sha256:978ed38b7785312f7761bee5e24cfcd7ac2fe466c5f07acee7b322e0bae6d0ec 0.0s done
#7 DONE 0.0s

#8 [builder 1/8] FROM docker.io/library/maven:3.9-eclipse-temurin-17@sha256:674de0df5a38cfe793a587829a181835f8af3ea1f556be7172e0aa547274bcc9
#8 resolve docker.io/library/maven:3.9-eclipse-temurin-17@sha256:674de0df5a38cfe793a587829a181835f8af3ea1f556be7172e0aa547274bcc9 0.0s done
#8 DONE 0.0s

#9 [internal] load build context
#9 transferring context: 36.09kB 0.1s done
#9 DONE 0.1s

#10 [builder 4/8] COPY pom.xml .
#10 CACHED

#11 [stage-1  8/12] RUN pip3 install --no-cache-dir --break-system-packages yt-dlp     || pip3 install --no-cache-dir yt-dlp
#11 CACHED

#12 [stage-1  6/12] COPY skills-bundled /app/skills-bundled
#12 CACHED

#13 [builder 5/8] RUN mvn -B -e -q dependency:go-offline
#13 CACHED

#14 [stage-1  7/12] RUN pip3 install --no-cache-dir --break-system-packages        -r /app/skills-bundled/_shared/Spider_XHS/requirements.txt     || pip3 install --no-cache-dir        -r /app/skills-bundled/_shared/Spider_XHS/requirements.txt
#14 CACHED

#15 [builder 2/8] WORKDIR /build
#15 CACHED

#16 [stage-1  2/12] RUN sed -i 's|http://archive.ubuntu.com/ubuntu/|https://mirrors.tuna.tsinghua.edu.cn/ubuntu/|g; s|http://security.ubuntu.com/ubuntu/|https://mirrors.tuna.tsinghua.edu.cn/ubuntu/|g' /etc/apt/sources.list     && apt-get update     && apt-get install -y --no-install-recommends        curl tzdata ca-certificates gnupg        python3 python3-pip python3-venv        ffmpeg     && curl -fsSL https://deb.nodesource.com/setup_20.x | bash -     && apt-get install -y --no-install-recommends nodejs     && ln -sf /usr/share/zoneinfo/Asia/Shanghai /etc/localtime     && echo "Asia/Shanghai" > /etc/timezone     && ln -sf /usr/bin/python3 /usr/local/bin/python     && node --version && npm --version     && rm -rf /var/lib/apt/lists/*
#16 CACHED

#17 [builder 7/8] COPY docs ./docs
#17 CACHED

#18 [builder 8/8] RUN mvn -B -e clean package spring-boot:repackage -DskipTests
#18 CACHED

#19 [stage-1  3/12] WORKDIR /app
#19 CACHED

#20 [builder 6/8] COPY src ./src
#20 CACHED

#21 [stage-1  4/12] COPY --from=builder /build/target/SmartPAI-*.jar /app/app.jar
#21 CACHED

#22 [stage-1  5/12] COPY --from=builder /build/docs /app/docs
#22 CACHED

#23 [builder 3/8] COPY settings-docker.xml /root/.m2/settings.xml
#23 CACHED

#24 [stage-1  9/12] RUN cd /app/skills-bundled/_shared/playwright-runtime     && npm install --omit=dev --no-audit --no-fund     && npm cache clean --force
#24 CACHED

#25 [stage-1 10/12] RUN cd /app/skills-bundled/xhs-qr-login     && PLAYWRIGHT_SKIP_BROWSER_DOWNLOAD=0 npm install --omit=dev --no-audit --no-fund     && PLAYWRIGHT_SKIP_BROWSER_DOWNLOAD=0 PLAYWRIGHT_BROWSERS_PATH=/ms-playwright          node ./node_modules/playwright/cli.js install --with-deps chromium     && npm cache clean --force
#25 7.259 
#25 7.259 added 2 packages in 7s
#25 7.727 Installing dependencies...
#25 8.575 Get:1 https://deb.nodesource.com/node_20.x nodistro InRelease [12.1 kB]
#25 8.885 Get:2 https://deb.nodesource.com/node_20.x nodistro/main amd64 Packages [14.3 kB]
#25 9.444 Get:3 https://mirrors.tuna.tsinghua.edu.cn/ubuntu jammy InRelease [270 kB]
#25 10.36 Get:4 https://mirrors.tuna.tsinghua.edu.cn/ubuntu jammy-updates InRelease [128 kB]
#25 10.76 Get:5 https://mirrors.tuna.tsinghua.edu.cn/ubuntu jammy-backports InRelease [127 kB]
#25 11.16 Get:6 https://mirrors.tuna.tsinghua.edu.cn/ubuntu jammy-security InRelease [129 kB]
#25 11.58 Get:7 https://mirrors.tuna.tsinghua.edu.cn/ubuntu jammy/main amd64 Packages [1,792 kB]
#25 12.12 Get:8 https://mirrors.tuna.tsinghua.edu.cn/ubuntu jammy/restricted amd64 Packages [164 kB]
#25 12.14 Get:9 https://mirrors.tuna.tsinghua.edu.cn/ubuntu jammy/multiverse amd64 Packages [266 kB]
#25 12.18 Get:10 https://mirrors.tuna.tsinghua.edu.cn/ubuntu jammy/universe amd64 Packages [17.5 MB]
#25 16.12 Get:11 https://mirrors.tuna.tsinghua.edu.cn/ubuntu jammy-updates/restricted amd64 Packages [7,240 kB]
#25 17.49 Get:12 https://mirrors.tuna.tsinghua.edu.cn/ubuntu jammy-updates/main amd64 Packages [4,268 kB]
#25 18.33 Get:13 https://mirrors.tuna.tsinghua.edu.cn/ubuntu jammy-updates/universe amd64 Packages [1,623 kB]
#25 18.39 Get:14 https://mirrors.tuna.tsinghua.edu.cn/ubuntu jammy-updates/multiverse amd64 Packages [70.9 kB]
#25 18.39 Get:15 https://mirrors.tuna.tsinghua.edu.cn/ubuntu jammy-backports/main amd64 Packages [84.0 kB]
#25 18.39 Get:16 https://mirrors.tuna.tsinghua.edu.cn/ubuntu jammy-backports/universe amd64 Packages [35.9 kB]
#25 18.39 Get:17 https://mirrors.tuna.tsinghua.edu.cn/ubuntu jammy-security/multiverse amd64 Packages [62.6 kB]
#25 18.39 Get:18 https://mirrors.tuna.tsinghua.edu.cn/ubuntu jammy-security/restricted amd64 Packages [7,023 kB]
#25 19.22 Get:19 https://mirrors.tuna.tsinghua.edu.cn/ubuntu jammy-security/universe amd64 Packages [1,311 kB]
#25 19.37 Get:20 https://mirrors.tuna.tsinghua.edu.cn/ubuntu jammy-security/main amd64 Packages [3,931 kB]
#25 19.94 Fetched 46.0 MB in 12s (3,788 kB/s)
#25 19.94 Reading package lists...
#25 21.00 Reading package lists...
#25 21.99 Building dependency tree...
#25 22.17 Reading state information...
#25 22.35 libfontconfig1 is already the newest version (2.13.1-4.2ubuntu5).
#25 22.35 libfontconfig1 set to manually installed.
#25 22.35 libxcb1 is already the newest version (1.14-3ubuntu3).
#25 22.35 libxcb1 set to manually installed.
#25 22.35 libxext6 is already the newest version (2:1.3.4-1build1).
#25 22.35 libxext6 set to manually installed.
#25 22.35 libxfixes3 is already the newest version (1:6.0.0-1).
#25 22.35 libxfixes3 set to manually installed.
#25 22.35 libxkbcommon0 is already the newest version (1.4.0-1).
#25 22.35 libxkbcommon0 set to manually installed.
#25 22.35 libxrandr2 is already the newest version (2:1.5.2-1build1).
#25 22.35 libxrandr2 set to manually installed.
#25 22.35 libasound2 is already the newest version (1.2.6.1-1ubuntu1.1).
#25 22.35 libasound2 set to manually installed.
#25 22.35 libcairo2 is already the newest version (1.16.0-5ubuntu2.1).
#25 22.35 libcairo2 set to manually installed.
#25 22.35 libdbus-1-3 is already the newest version (1.12.20-2ubuntu4.1).
#25 22.35 libdbus-1-3 set to manually installed.
#25 22.35 libdrm2 is already the newest version (2.4.113-2~ubuntu0.22.04.1).
#25 22.35 libdrm2 set to manually installed.
#25 22.35 libfreetype6 is already the newest version (2.11.1+dfsg-1ubuntu0.3).
#25 22.35 libfreetype6 set to manually installed.
#25 22.35 libgbm1 is already the newest version (23.2.1-1ubuntu3.1~22.04.3).
#25 22.35 libgbm1 set to manually installed.
#25 22.35 libglib2.0-0 is already the newest version (2.72.4-0ubuntu2.9).
#25 22.35 libglib2.0-0 set to manually installed.
#25 22.35 libpango-1.0-0 is already the newest version (1.50.6+ds-2ubuntu1).
#25 22.35 libpango-1.0-0 set to manually installed.
#25 22.35 libwayland-client0 is already the newest version (1.20.0-1ubuntu0.1).
#25 22.35 libwayland-client0 set to manually installed.
#25 22.35 libx11-6 is already the newest version (2:1.7.5-1ubuntu0.3).
#25 22.35 libx11-6 set to manually installed.
#25 22.35 The following additional packages will be installed:
#25 22.35   libatk1.0-data libavahi-client3 libavahi-common-data libavahi-common3
#25 22.35   libfontenc1 libice6 libsm6 libunwind8 libxaw7 libxfont2 libxkbfile1 libxmu6
#25 22.35   libxmuu1 libxpm4 libxt6 x11-xkb-utils xauth xfonts-encodings xfonts-utils
#25 22.35   xserver-common
#25 22.35 Suggested packages:
#25 22.35   cups-common
#25 22.35 Recommended packages:
#25 22.35   fonts-ipafont-mincho fonts-tlwg-loma at-spi2-core xfonts-base
#25 22.43 The following NEW packages will be installed:
#25 22.43   fonts-freefont-ttf fonts-ipafont-gothic fonts-liberation
#25 22.43   fonts-noto-color-emoji fonts-tlwg-loma-otf fonts-unifont fonts-wqy-zenhei
#25 22.43   libatk-bridge2.0-0 libatk1.0-0 libatk1.0-data libatspi2.0-0 libavahi-client3
#25 22.43   libavahi-common-data libavahi-common3 libcups2 libfontenc1 libice6 libnspr4
#25 22.43   libnss3 libsm6 libunwind8 libxaw7 libxcomposite1 libxdamage1 libxfont2
#25 22.43   libxkbfile1 libxmu6 libxmuu1 libxpm4 libxt6 x11-xkb-utils xauth
#25 22.43   xfonts-cyrillic xfonts-encodings xfonts-scalable xfonts-utils xserver-common
#25 22.43   xvfb
#25 24.79 0 upgraded, 38 newly installed, 0 to remove and 0 not upgraded.
#25 24.79 Need to get 33.1 MB of archives.
#25 24.79 After this operation, 81.7 MB of additional disk space will be used.
#25 24.79 Get:1 https://mirrors.tuna.tsinghua.edu.cn/ubuntu jammy/universe amd64 fonts-ipafont-gothic all 00303-21ubuntu1 [3,513 kB]
#25 26.37 Get:2 https://mirrors.tuna.tsinghua.edu.cn/ubuntu jammy/main amd64 libxmuu1 amd64 2:1.1.3-3 [10.2 kB]
#25 26.37 Get:3 https://mirrors.tuna.tsinghua.edu.cn/ubuntu jammy/main amd64 xauth amd64 1:1.1-1build2 [27.5 kB]
#25 26.37 Get:4 https://mirrors.tuna.tsinghua.edu.cn/ubuntu jammy/main amd64 fonts-freefont-ttf all 20120503-10build1 [2,388 kB]
#25 26.74 Get:5 https://mirrors.tuna.tsinghua.edu.cn/ubuntu jammy/main amd64 fonts-liberation all 1:1.07.4-11 [822 kB]
#25 26.81 Get:6 https://mirrors.tuna.tsinghua.edu.cn/ubuntu jammy-updates/main amd64 fonts-noto-color-emoji all 2.047-0ubuntu0.22.04.1 [10.0 MB]
#25 28.12 Get:7 https://mirrors.tuna.tsinghua.edu.cn/ubuntu jammy/universe amd64 fonts-tlwg-loma-otf all 1:0.7.3-1 [107 kB]
#25 28.13 Get:8 https://mirrors.tuna.tsinghua.edu.cn/ubuntu jammy/universe amd64 fonts-unifont all 1:14.0.01-1 [3,551 kB]
#25 28.36 Get:9 https://mirrors.tuna.tsinghua.edu.cn/ubuntu jammy/universe amd64 fonts-wqy-zenhei all 0.9.45-8 [7,472 kB]
#25 28.85 Get:10 https://mirrors.tuna.tsinghua.edu.cn/ubuntu jammy/main amd64 libatk1.0-data all 2.36.0-3build1 [2,824 B]
#25 28.86 Get:11 https://mirrors.tuna.tsinghua.edu.cn/ubuntu jammy/main amd64 libatk1.0-0 amd64 2.36.0-3build1 [51.9 kB]
#25 28.86 Get:12 https://mirrors.tuna.tsinghua.edu.cn/ubuntu jammy/main amd64 libatspi2.0-0 amd64 2.44.0-3 [80.9 kB]
#25 28.86 Get:13 https://mirrors.tuna.tsinghua.edu.cn/ubuntu jammy/main amd64 libatk-bridge2.0-0 amd64 2.38.0-3 [66.6 kB]
#25 28.86 Get:14 https://mirrors.tuna.tsinghua.edu.cn/ubuntu jammy-updates/main amd64 libavahi-common-data amd64 0.8-5ubuntu5.4 [24.0 kB]
#25 28.86 Get:15 https://mirrors.tuna.tsinghua.edu.cn/ubuntu jammy-updates/main amd64 libavahi-common3 amd64 0.8-5ubuntu5.4 [23.9 kB]
#25 28.87 Get:16 https://mirrors.tuna.tsinghua.edu.cn/ubuntu jammy-updates/main amd64 libavahi-client3 amd64 0.8-5ubuntu5.4 [28.0 kB]
#25 28.87 Get:17 https://mirrors.tuna.tsinghua.edu.cn/ubuntu jammy-updates/main amd64 libcups2 amd64 2.4.1op1-1ubuntu4.16 [264 kB]
#25 28.87 Get:18 https://mirrors.tuna.tsinghua.edu.cn/ubuntu jammy/main amd64 libfontenc1 amd64 1:1.1.4-1build3 [14.7 kB]
#25 29.21 Get:19 https://mirrors.tuna.tsinghua.edu.cn/ubuntu jammy/main amd64 libice6 amd64 2:1.0.10-1build2 [42.6 kB]
#25 29.21 Get:20 https://mirrors.tuna.tsinghua.edu.cn/ubuntu jammy-updates/main amd64 libnspr4 amd64 2:4.35-0ubuntu0.22.04.1 [119 kB]
#25 29.22 Get:21 https://mirrors.tuna.tsinghua.edu.cn/ubuntu jammy-updates/main amd64 libnss3 amd64 2:3.98-0ubuntu0.22.04.3 [1,347 kB]
#25 29.30 Get:22 https://mirrors.tuna.tsinghua.edu.cn/ubuntu jammy/main amd64 libsm6 amd64 2:1.2.3-1build2 [16.7 kB]
#25 29.30 Get:23 https://mirrors.tuna.tsinghua.edu.cn/ubuntu jammy-updates/main amd64 libunwind8 amd64 1.3.2-2build2.1 [54.5 kB]
#25 29.31 Get:24 https://mirrors.tuna.tsinghua.edu.cn/ubuntu jammy/main amd64 libxt6 amd64 1:1.2.1-1 [177 kB]
#25 29.32 Get:25 https://mirrors.tuna.tsinghua.edu.cn/ubuntu jammy/main amd64 libxmu6 amd64 2:1.1.3-3 [49.6 kB]
#25 29.32 Get:26 https://mirrors.tuna.tsinghua.edu.cn/ubuntu jammy-updates/main amd64 libxpm4 amd64 1:3.5.12-1ubuntu0.22.04.2 [36.7 kB]
#25 29.32 Get:27 https://mirrors.tuna.tsinghua.edu.cn/ubuntu jammy/main amd64 libxaw7 amd64 2:1.0.14-1 [191 kB]
#25 29.33 Get:28 https://mirrors.tuna.tsinghua.edu.cn/ubuntu jammy/main amd64 libxcomposite1 amd64 1:0.4.5-1build2 [7,192 B]
#25 29.55 Get:29 https://mirrors.tuna.tsinghua.edu.cn/ubuntu jammy/main amd64 libxdamage1 amd64 1:1.1.5-2build2 [7,154 B]
#25 29.56 Get:30 https://mirrors.tuna.tsinghua.edu.cn/ubuntu jammy/main amd64 libxfont2 amd64 1:2.0.5-1build1 [94.5 kB]
#25 29.64 Get:31 https://mirrors.tuna.tsinghua.edu.cn/ubuntu jammy/main amd64 libxkbfile1 amd64 1:1.1.0-1build3 [71.8 kB]
#25 29.65 Get:32 https://mirrors.tuna.tsinghua.edu.cn/ubuntu jammy/main amd64 x11-xkb-utils amd64 7.7+5build4 [172 kB]
#25 29.66 Get:33 https://mirrors.tuna.tsinghua.edu.cn/ubuntu jammy/main amd64 xfonts-encodings all 1:1.0.5-0ubuntu2 [578 kB]
#25 29.69 Get:34 https://mirrors.tuna.tsinghua.edu.cn/ubuntu jammy/main amd64 xfonts-utils amd64 1:7.7+6build2 [94.6 kB]
#25 29.69 Get:35 https://mirrors.tuna.tsinghua.edu.cn/ubuntu jammy/universe amd64 xfonts-cyrillic all 1:1.0.5 [386 kB]
#25 29.71 Get:36 https://mirrors.tuna.tsinghua.edu.cn/ubuntu jammy/main amd64 xfonts-scalable all 1:1.0.3-1.2ubuntu1 [306 kB]
#25 29.74 Get:37 https://mirrors.tuna.tsinghua.edu.cn/ubuntu jammy-updates/main amd64 xserver-common all 2:21.1.4-2ubuntu1.7~22.04.16 [29.5 kB]
#25 29.74 Get:38 https://mirrors.tuna.tsinghua.edu.cn/ubuntu jammy-updates/universe amd64 xvfb amd64 2:21.1.4-2ubuntu1.7~22.04.16 [866 kB]
#25 29.97 debconf: delaying package configuration, since apt-utils is not installed
#25 30.00 Fetched 33.1 MB in 7s (4,514 kB/s)
#25 30.04 Selecting previously unselected package fonts-ipafont-gothic.
#25 30.04 (Reading database ... 
(Reading database ... 5%
(Reading database ... 10%
(Reading database ... 15%
(Reading database ... 20%
(Reading database ... 25%
(Reading database ... 30%
(Reading database ... 35%
(Reading database ... 40%
(Reading database ... 45%
(Reading database ... 50%
(Reading database ... 55%
(Reading database ... 60%
(Reading database ... 65%
(Reading database ... 70%
(Reading database ... 75%
(Reading database ... 80%
(Reading database ... 85%
(Reading database ... 90%
(Reading database ... 95%
(Reading database ... 100%
(Reading database ... 17343 files and directories currently installed.)
#25 30.14 Preparing to unpack .../00-fonts-ipafont-gothic_00303-21ubuntu1_all.deb ...
#25 30.15 Unpacking fonts-ipafont-gothic (00303-21ubuntu1) ...
#25 30.45 Selecting previously unselected package libxmuu1:amd64.
#25 30.46 Preparing to unpack .../01-libxmuu1_2%3a1.1.3-3_amd64.deb ...
#25 30.46 Unpacking libxmuu1:amd64 (2:1.1.3-3) ...
#25 30.49 Selecting previously unselected package xauth.
#25 30.49 Preparing to unpack .../02-xauth_1%3a1.1-1build2_amd64.deb ...
#25 30.50 Unpacking xauth (1:1.1-1build2) ...
#25 30.52 Selecting previously unselected package fonts-freefont-ttf.
#25 30.53 Preparing to unpack .../03-fonts-freefont-ttf_20120503-10build1_all.deb ...
#25 30.53 Unpacking fonts-freefont-ttf (20120503-10build1) ...
#25 30.75 Selecting previously unselected package fonts-liberation.
#25 30.75 Preparing to unpack .../04-fonts-liberation_1%3a1.07.4-11_all.deb ...
#25 30.76 Unpacking fonts-liberation (1:1.07.4-11) ...
#25 30.84 Selecting previously unselected package fonts-noto-color-emoji.
#25 30.84 Preparing to unpack .../05-fonts-noto-color-emoji_2.047-0ubuntu0.22.04.1_all.deb ...
#25 30.85 Unpacking fonts-noto-color-emoji (2.047-0ubuntu0.22.04.1) ...
#25 30.91 Selecting previously unselected package fonts-tlwg-loma-otf.
#25 30.92 Preparing to unpack .../06-fonts-tlwg-loma-otf_1%3a0.7.3-1_all.deb ...
#25 30.92 Unpacking fonts-tlwg-loma-otf (1:0.7.3-1) ...
#25 30.94 Selecting previously unselected package fonts-unifont.
#25 30.94 Preparing to unpack .../07-fonts-unifont_1%3a14.0.01-1_all.deb ...
#25 30.95 Unpacking fonts-unifont (1:14.0.01-1) ...
#25 31.06 Selecting previously unselected package fonts-wqy-zenhei.
#25 31.06 Preparing to unpack .../08-fonts-wqy-zenhei_0.9.45-8_all.deb ...
#25 31.07 Unpacking fonts-wqy-zenhei (0.9.45-8) ...
#25 31.66 Selecting previously unselected package libatk1.0-data.
#25 31.66 Preparing to unpack .../09-libatk1.0-data_2.36.0-3build1_all.deb ...
#25 31.66 Unpacking libatk1.0-data (2.36.0-3build1) ...
#25 31.68 Selecting previously unselected package libatk1.0-0:amd64.
#25 31.68 Preparing to unpack .../10-libatk1.0-0_2.36.0-3build1_amd64.deb ...
#25 31.69 Unpacking libatk1.0-0:amd64 (2.36.0-3build1) ...
#25 31.72 Selecting previously unselected package libatspi2.0-0:amd64.
#25 31.72 Preparing to unpack .../11-libatspi2.0-0_2.44.0-3_amd64.deb ...
#25 31.72 Unpacking libatspi2.0-0:amd64 (2.44.0-3) ...
#25 31.75 Selecting previously unselected package libatk-bridge2.0-0:amd64.
#25 31.75 Preparing to unpack .../12-libatk-bridge2.0-0_2.38.0-3_amd64.deb ...
#25 31.75 Unpacking libatk-bridge2.0-0:amd64 (2.38.0-3) ...
#25 31.77 Selecting previously unselected package libavahi-common-data:amd64.
#25 31.78 Preparing to unpack .../13-libavahi-common-data_0.8-5ubuntu5.4_amd64.deb ...
#25 31.78 Unpacking libavahi-common-data:amd64 (0.8-5ubuntu5.4) ...
#25 31.81 Selecting previously unselected package libavahi-common3:amd64.
#25 31.81 Preparing to unpack .../14-libavahi-common3_0.8-5ubuntu5.4_amd64.deb ...
#25 31.81 Unpacking libavahi-common3:amd64 (0.8-5ubuntu5.4) ...
#25 31.83 Selecting previously unselected package libavahi-client3:amd64.
#25 31.84 Preparing to unpack .../15-libavahi-client3_0.8-5ubuntu5.4_amd64.deb ...
#25 31.84 Unpacking libavahi-client3:amd64 (0.8-5ubuntu5.4) ...
#25 31.87 Selecting previously unselected package libcups2:amd64.
#25 31.87 Preparing to unpack .../16-libcups2_2.4.1op1-1ubuntu4.16_amd64.deb ...
#25 31.87 Unpacking libcups2:amd64 (2.4.1op1-1ubuntu4.16) ...
#25 31.89 Selecting previously unselected package libfontenc1:amd64.
#25 31.90 Preparing to unpack .../17-libfontenc1_1%3a1.1.4-1build3_amd64.deb ...
#25 31.90 Unpacking libfontenc1:amd64 (1:1.1.4-1build3) ...
#25 31.92 Selecting previously unselected package libice6:amd64.
#25 31.92 Preparing to unpack .../18-libice6_2%3a1.0.10-1build2_amd64.deb ...
#25 31.93 Unpacking libice6:amd64 (2:1.0.10-1build2) ...
#25 31.95 Selecting previously unselected package libnspr4:amd64.
#25 31.96 Preparing to unpack .../19-libnspr4_2%3a4.35-0ubuntu0.22.04.1_amd64.deb ...
#25 31.96 Unpacking libnspr4:amd64 (2:4.35-0ubuntu0.22.04.1) ...
#25 31.99 Selecting previously unselected package libnss3:amd64.
#25 31.99 Preparing to unpack .../20-libnss3_2%3a3.98-0ubuntu0.22.04.3_amd64.deb ...
#25 31.99 Unpacking libnss3:amd64 (2:3.98-0ubuntu0.22.04.3) ...
#25 32.13 Selecting previously unselected package libsm6:amd64.
#25 32.13 Preparing to unpack .../21-libsm6_2%3a1.2.3-1build2_amd64.deb ...
#25 32.13 Unpacking libsm6:amd64 (2:1.2.3-1build2) ...
#25 32.15 Selecting previously unselected package libunwind8:amd64.
#25 32.16 Preparing to unpack .../22-libunwind8_1.3.2-2build2.1_amd64.deb ...
#25 32.16 Unpacking libunwind8:amd64 (1.3.2-2build2.1) ...
#25 32.19 Selecting previously unselected package libxt6:amd64.
#25 32.19 Preparing to unpack .../23-libxt6_1%3a1.2.1-1_amd64.deb ...
#25 32.19 Unpacking libxt6:amd64 (1:1.2.1-1) ...
#25 32.22 Selecting previously unselected package libxmu6:amd64.
#25 32.22 Preparing to unpack .../24-libxmu6_2%3a1.1.3-3_amd64.deb ...
#25 32.23 Unpacking libxmu6:amd64 (2:1.1.3-3) ...
#25 32.25 Selecting previously unselected package libxpm4:amd64.
#25 32.25 Preparing to unpack .../25-libxpm4_1%3a3.5.12-1ubuntu0.22.04.2_amd64.deb ...
#25 32.26 Unpacking libxpm4:amd64 (1:3.5.12-1ubuntu0.22.04.2) ...
#25 32.28 Selecting previously unselected package libxaw7:amd64.
#25 32.28 Preparing to unpack .../26-libxaw7_2%3a1.0.14-1_amd64.deb ...
#25 32.28 Unpacking libxaw7:amd64 (2:1.0.14-1) ...
#25 32.31 Selecting previously unselected package libxcomposite1:amd64.
#25 32.31 Preparing to unpack .../27-libxcomposite1_1%3a0.4.5-1build2_amd64.deb ...
#25 32.32 Unpacking libxcomposite1:amd64 (1:0.4.5-1build2) ...
#25 32.34 Selecting previously unselected package libxdamage1:amd64.
#25 32.34 Preparing to unpack .../28-libxdamage1_1%3a1.1.5-2build2_amd64.deb ...
#25 32.34 Unpacking libxdamage1:amd64 (1:1.1.5-2build2) ...
#25 32.37 Selecting previously unselected package libxfont2:amd64.
#25 32.37 Preparing to unpack .../29-libxfont2_1%3a2.0.5-1build1_amd64.deb ...
#25 32.37 Unpacking libxfont2:amd64 (1:2.0.5-1build1) ...
#25 32.40 Selecting previously unselected package libxkbfile1:amd64.
#25 32.40 Preparing to unpack .../30-libxkbfile1_1%3a1.1.0-1build3_amd64.deb ...
#25 32.40 Unpacking libxkbfile1:amd64 (1:1.1.0-1build3) ...
#25 32.42 Selecting previously unselected package x11-xkb-utils.
#25 32.42 Preparing to unpack .../31-x11-xkb-utils_7.7+5build4_amd64.deb ...
#25 32.42 Unpacking x11-xkb-utils (7.7+5build4) ...
#25 32.45 Selecting previously unselected package xfonts-encodings.
#25 32.45 Preparing to unpack .../32-xfonts-encodings_1%3a1.0.5-0ubuntu2_all.deb ...
#25 32.45 Unpacking xfonts-encodings (1:1.0.5-0ubuntu2) ...
#25 32.49 Selecting previously unselected package xfonts-utils.
#25 32.49 Preparing to unpack .../33-xfonts-utils_1%3a7.7+6build2_amd64.deb ...
#25 32.49 Unpacking xfonts-utils (1:7.7+6build2) ...
#25 32.53 Selecting previously unselected package xfonts-cyrillic.
#25 32.53 Preparing to unpack .../34-xfonts-cyrillic_1%3a1.0.5_all.deb ...
#25 32.53 Unpacking xfonts-cyrillic (1:1.0.5) ...
#25 32.59 Selecting previously unselected package xfonts-scalable.
#25 32.60 Preparing to unpack .../35-xfonts-scalable_1%3a1.0.3-1.2ubuntu1_all.deb ...
#25 32.60 Unpacking xfonts-scalable (1:1.0.3-1.2ubuntu1) ...
#25 32.63 Selecting previously unselected package xserver-common.
#25 32.63 Preparing to unpack .../36-xserver-common_2%3a21.1.4-2ubuntu1.7~22.04.16_all.deb ...
#25 32.63 Unpacking xserver-common (2:21.1.4-2ubuntu1.7~22.04.16) ...
#25 32.66 Selecting previously unselected package xvfb.
#25 32.66 Preparing to unpack .../37-xvfb_2%3a21.1.4-2ubuntu1.7~22.04.16_amd64.deb ...
#25 32.66 Unpacking xvfb (2:21.1.4-2ubuntu1.7~22.04.16) ...
#25 32.71 Setting up libice6:amd64 (2:1.0.10-1build2) ...
#25 32.71 Setting up libxdamage1:amd64 (1:1.1.5-2build2) ...
#25 32.72 Setting up libxpm4:amd64 (1:3.5.12-1ubuntu0.22.04.2) ...
#25 32.73 Setting up fonts-noto-color-emoji (2.047-0ubuntu0.22.04.1) ...
#25 32.74 Setting up fonts-wqy-zenhei (0.9.45-8) ...
#25 32.77 Setting up fonts-freefont-ttf (20120503-10build1) ...
#25 32.77 Setting up libatspi2.0-0:amd64 (2.44.0-3) ...
#25 32.78 Setting up libunwind8:amd64 (1.3.2-2build2.1) ...
#25 32.79 Setting up libfontenc1:amd64 (1:1.1.4-1build3) ...
#25 32.80 Setting up fonts-tlwg-loma-otf (1:0.7.3-1) ...
#25 32.80 Setting up libnspr4:amd64 (2:4.35-0ubuntu0.22.04.1) ...
#25 32.81 Setting up libavahi-common-data:amd64 (0.8-5ubuntu5.4) ...
#25 32.82 Setting up xfonts-encodings (1:1.0.5-0ubuntu2) ...
#25 32.83 Setting up libatk1.0-data (2.36.0-3build1) ...
#25 32.84 Setting up fonts-ipafont-gothic (00303-21ubuntu1) ...
#25 32.85 update-alternatives: using /usr/share/fonts/opentype/ipafont-gothic/ipag.ttf to provide /usr/share/fonts/truetype/fonts-japanese-gothic.ttf (fonts-japanese-gothic.ttf) in auto mode
#25 32.86 Setting up fonts-liberation (1:1.07.4-11) ...
#25 32.87 Setting up libatk1.0-0:amd64 (2.36.0-3build1) ...
#25 32.87 Setting up libxkbfile1:amd64 (1:1.1.0-1build3) ...
#25 32.88 Setting up libxcomposite1:amd64 (1:0.4.5-1build2) ...
#25 32.89 Setting up libsm6:amd64 (2:1.2.3-1build2) ...
#25 32.89 Setting up libxfont2:amd64 (1:2.0.5-1build1) ...
#25 32.90 Setting up libxmuu1:amd64 (2:1.1.3-3) ...
#25 32.91 Setting up fonts-unifont (1:14.0.01-1) ...
#25 32.92 Setting up libavahi-common3:amd64 (0.8-5ubuntu5.4) ...
#25 32.92 Setting up libnss3:amd64 (2:3.98-0ubuntu0.22.04.3) ...
#25 32.93 Setting up xfonts-utils (1:7.7+6build2) ...
#25 32.94 Setting up libatk-bridge2.0-0:amd64 (2.38.0-3) ...
#25 32.95 Setting up libxt6:amd64 (1:1.2.1-1) ...
#25 32.96 Setting up xauth (1:1.1-1build2) ...
#25 32.97 Setting up xfonts-cyrillic (1:1.0.5) ...
#25 33.01 Setting up libavahi-client3:amd64 (0.8-5ubuntu5.4) ...
#25 33.02 Setting up xfonts-scalable (1:1.0.3-1.2ubuntu1) ...
#25 33.05 Setting up libxmu6:amd64 (2:1.1.3-3) ...
#25 33.07 Setting up libxaw7:amd64 (2:1.0.14-1) ...
#25 33.08 Setting up libcups2:amd64 (2.4.1op1-1ubuntu4.16) ...
#25 33.09 Setting up x11-xkb-utils (7.7+5build4) ...
#25 33.09 Setting up xserver-common (2:21.1.4-2ubuntu1.7~22.04.16) ...
#25 33.10 Setting up xvfb (2:21.1.4-2ubuntu1.7~22.04.16) ...
#25 33.11 Processing triggers for fontconfig (2.13.1-4.2ubuntu5) ...
#25 33.18 Processing triggers for libc-bin (2.35-0ubuntu3.13) ...
#25 33.25 Downloading Chromium 140.0.7339.16 (playwright build v1187) from https://registry.npmmirror.com/-/binary/playwright/builds/chromium/1187/chromium-linux.zip
#25 36.28 |                                                                                |   0% of 173.7 MiB
#25 40.00 |鈻犫枲鈻犫枲鈻犫枲鈻犫枲                                                                        |  10% of 173.7 MiB
#25 43.30 |鈻犫枲鈻犫枲鈻犫枲鈻犫枲鈻犫枲鈻犫枲鈻犫枲鈻犫枲                                                                |  20% of 173.7 MiB
#25 46.66 |鈻犫枲鈻犫枲鈻犫枲鈻犫枲鈻犫枲鈻犫枲鈻犫枲鈻犫枲鈻犫枲鈻犫枲鈻犫枲鈻犫枲                                                        |  30% of 173.7 MiB
#25 49.94 |鈻犫枲鈻犫枲鈻犫枲鈻犫枲鈻犫枲鈻犫枲鈻犫枲鈻犫枲鈻犫枲鈻犫枲鈻犫枲鈻犫枲鈻犫枲鈻犫枲鈻犫枲鈻犫枲                                                |  40% of 173.7 MiB
#25 53.39 |鈻犫枲鈻犫枲鈻犫枲鈻犫枲鈻犫枲鈻犫枲鈻犫枲鈻犫枲鈻犫枲鈻犫枲鈻犫枲鈻犫枲鈻犫枲鈻犫枲鈻犫枲鈻犫枲鈻犫枲鈻犫枲鈻犫枲鈻犫枲                                        |  50% of 173.7 MiB
#25 56.54 |鈻犫枲鈻犫枲鈻犫枲鈻犫枲鈻犫枲鈻犫枲鈻犫枲鈻犫枲鈻犫枲鈻犫枲鈻犫枲鈻犫枲鈻犫枲鈻犫枲鈻犫枲鈻犫枲鈻犫枲鈻犫枲鈻犫枲鈻犫枲鈻犫枲鈻犫枲鈻犫枲鈻犫枲                                |  60% of 173.7 MiB
#25 59.82 |鈻犫枲鈻犫枲鈻犫枲鈻犫枲鈻犫枲鈻犫枲鈻犫枲鈻犫枲鈻犫枲鈻犫枲鈻犫枲鈻犫枲鈻犫枲鈻犫枲鈻犫枲鈻犫枲鈻犫枲鈻犫枲鈻犫枲鈻犫枲鈻犫枲鈻犫枲鈻犫枲鈻犫枲鈻犫枲鈻犫枲鈻犫枲鈻犫枲                        |  70% of 173.7 MiB
#25 63.11 |鈻犫枲鈻犫枲鈻犫枲鈻犫枲鈻犫枲鈻犫枲鈻犫枲鈻犫枲鈻犫枲鈻犫枲鈻犫枲鈻犫枲鈻犫枲鈻犫枲鈻犫枲鈻犫枲鈻犫枲鈻犫枲鈻犫枲鈻犫枲鈻犫枲鈻犫枲鈻犫枲鈻犫枲鈻犫枲鈻犫枲鈻犫枲鈻犫枲鈻犫枲鈻犫枲鈻犫枲鈻犫枲                |  80% of 173.7 MiB
#25 66.42 |鈻犫枲鈻犫枲鈻犫枲鈻犫枲鈻犫枲鈻犫枲鈻犫枲鈻犫枲鈻犫枲鈻犫枲鈻犫枲鈻犫枲鈻犫枲鈻犫枲鈻犫枲鈻犫枲鈻犫枲鈻犫枲鈻犫枲鈻犫枲鈻犫枲鈻犫枲鈻犫枲鈻犫枲鈻犫枲鈻犫枲鈻犫枲鈻犫枲鈻犫枲鈻犫枲鈻犫枲鈻犫枲鈻犫枲鈻犫枲鈻犫枲鈻犫枲        |  90% of 173.7 MiB
#25 69.70 |鈻犫枲鈻犫枲鈻犫枲鈻犫枲鈻犫枲鈻犫枲鈻犫枲鈻犫枲鈻犫枲鈻犫枲鈻犫枲鈻犫枲鈻犫枲鈻犫枲鈻犫枲鈻犫枲鈻犫枲鈻犫枲鈻犫枲鈻犫枲鈻犫枲鈻犫枲鈻犫枲鈻犫枲鈻犫枲鈻犫枲鈻犫枲鈻犫枲鈻犫枲鈻犫枲鈻犫枲鈻犫枲鈻犫枲鈻犫枲鈻犫枲鈻犫枲鈻犫枲鈻犫枲鈻犫枲鈻犫枲| 100% of 173.7 MiB
#25 76.68 Chromium 140.0.7339.16 (playwright build v1187) downloaded to /ms-playwright/chromium-1187
#25 76.68 Downloading FFMPEG playwright build v1011 from https://registry.npmmirror.com/-/binary/playwright/builds/ffmpeg/1011/ffmpeg-linux.zip
#25 80.02 |                                                                                |   0% of 2.3 MiB
#25 80.64 |鈻犫枲鈻犫枲鈻犫枲鈻犫枲                                                                        |  10% of 2.3 MiB
#25 80.83 |鈻犫枲鈻犫枲鈻犫枲鈻犫枲鈻犫枲鈻犫枲鈻犫枲鈻犫枲                                                                |  20% of 2.3 MiB
#25 80.95 |鈻犫枲鈻犫枲鈻犫枲鈻犫枲鈻犫枲鈻犫枲鈻犫枲鈻犫枲鈻犫枲鈻犫枲鈻犫枲鈻犫枲                                                        |  30% of 2.3 MiB
#25 81.02 |鈻犫枲鈻犫枲鈻犫枲鈻犫枲鈻犫枲鈻犫枲鈻犫枲鈻犫枲鈻犫枲鈻犫枲鈻犫枲鈻犫枲鈻犫枲鈻犫枲鈻犫枲鈻犫枲                                                |  40% of 2.3 MiB
#25 81.07 |鈻犫枲鈻犫枲鈻犫枲鈻犫枲鈻犫枲鈻犫枲鈻犫枲鈻犫枲鈻犫枲鈻犫枲鈻犫枲鈻犫枲鈻犫枲鈻犫枲鈻犫枲鈻犫枲鈻犫枲鈻犫枲鈻犫枲鈻犫枲                                        |  50% of 2.3 MiB
#25 81.11 |鈻犫枲鈻犫枲鈻犫枲鈻犫枲鈻犫枲鈻犫枲鈻犫枲鈻犫枲鈻犫枲鈻犫枲鈻犫枲鈻犫枲鈻犫枲鈻犫枲鈻犫枲鈻犫枲鈻犫枲鈻犫枲鈻犫枲鈻犫枲鈻犫枲鈻犫枲鈻犫枲鈻犫枲                                |  60% of 2.3 MiB
#25 81.15 |鈻犫枲鈻犫枲鈻犫枲鈻犫枲鈻犫枲鈻犫枲鈻犫枲鈻犫枲鈻犫枲鈻犫枲鈻犫枲鈻犫枲鈻犫枲鈻犫枲鈻犫枲鈻犫枲鈻犫枲鈻犫枲鈻犫枲鈻犫枲鈻犫枲鈻犫枲鈻犫枲鈻犫枲鈻犫枲鈻犫枲鈻犫枲鈻犫枲                        |  70% of 2.3 MiB
#25 81.19 |鈻犫枲鈻犫枲鈻犫枲鈻犫枲鈻犫枲鈻犫枲鈻犫枲鈻犫枲鈻犫枲鈻犫枲鈻犫枲鈻犫枲鈻犫枲鈻犫枲鈻犫枲鈻犫枲鈻犫枲鈻犫枲鈻犫枲鈻犫枲鈻犫枲鈻犫枲鈻犫枲鈻犫枲鈻犫枲鈻犫枲鈻犫枲鈻犫枲鈻犫枲鈻犫枲鈻犫枲鈻犫枲                |  80% of 2.3 MiB
#25 81.23 |鈻犫枲鈻犫枲鈻犫枲鈻犫枲鈻犫枲鈻犫枲鈻犫枲鈻犫枲鈻犫枲鈻犫枲鈻犫枲鈻犫枲鈻犫枲鈻犫枲鈻犫枲鈻犫枲鈻犫枲鈻犫枲鈻犫枲鈻犫枲鈻犫枲鈻犫枲鈻犫枲鈻犫枲鈻犫枲鈻犫枲鈻犫枲鈻犫枲鈻犫枲鈻犫枲鈻犫枲鈻犫枲鈻犫枲鈻犫枲鈻犫枲鈻犫枲        |  90% of 2.3 MiB
#25 81.26 |鈻犫枲鈻犫枲鈻犫枲鈻犫枲鈻犫枲鈻犫枲鈻犫枲鈻犫枲鈻犫枲鈻犫枲鈻犫枲鈻犫枲鈻犫枲鈻犫枲鈻犫枲鈻犫枲鈻犫枲鈻犫枲鈻犫枲鈻犫枲鈻犫枲鈻犫枲鈻犫枲鈻犫枲鈻犫枲鈻犫枲鈻犫枲鈻犫枲鈻犫枲鈻犫枲鈻犫枲鈻犫枲鈻犫枲鈻犫枲鈻犫枲鈻犫枲鈻犫枲鈻犫枲鈻犫枲鈻犫枲| 100% of 2.3 MiB
#25 81.35 FFMPEG playwright build v1011 downloaded to /ms-playwright/ffmpeg-1011
#25 81.35 Downloading Chromium Headless Shell 140.0.7339.16 (playwright build v1187) from https://registry.npmmirror.com/-/binary/playwright/builds/chromium/1187/chromium-headless-shell-linux.zip
#25 84.45 |                                                                                |   0% of 104.3 MiB
#25 86.46 |鈻犫枲鈻犫枲鈻犫枲鈻犫枲                                                                        |  10% of 104.3 MiB
#25 88.08 |鈻犫枲鈻犫枲鈻犫枲鈻犫枲鈻犫枲鈻犫枲鈻犫枲鈻犫枲                                                                |  20% of 104.3 MiB
#25 89.70 |鈻犫枲鈻犫枲鈻犫枲鈻犫枲鈻犫枲鈻犫枲鈻犫枲鈻犫枲鈻犫枲鈻犫枲鈻犫枲鈻犫枲                                                        |  30% of 104.3 MiB
#25 91.35 |鈻犫枲鈻犫枲鈻犫枲鈻犫枲鈻犫枲鈻犫枲鈻犫枲鈻犫枲鈻犫枲鈻犫枲鈻犫枲鈻犫枲鈻犫枲鈻犫枲鈻犫枲鈻犫枲                                                |  40% of 104.3 MiB
#25 92.97 |鈻犫枲鈻犫枲鈻犫枲鈻犫枲鈻犫枲鈻犫枲鈻犫枲鈻犫枲鈻犫枲鈻犫枲鈻犫枲鈻犫枲鈻犫枲鈻犫枲鈻犫枲鈻犫枲鈻犫枲鈻犫枲鈻犫枲鈻犫枲                                        |  50% of 104.3 MiB
#25 94.60 |鈻犫枲鈻犫枲鈻犫枲鈻犫枲鈻犫枲鈻犫枲鈻犫枲鈻犫枲鈻犫枲鈻犫枲鈻犫枲鈻犫枲鈻犫枲鈻犫枲鈻犫枲鈻犫枲鈻犫枲鈻犫枲鈻犫枲鈻犫枲鈻犫枲鈻犫枲鈻犫枲鈻犫枲                                |  60% of 104.3 MiB
#25 96.26 |鈻犫枲鈻犫枲鈻犫枲鈻犫枲鈻犫枲鈻犫枲鈻犫枲鈻犫枲鈻犫枲鈻犫枲鈻犫枲鈻犫枲鈻犫枲鈻犫枲鈻犫枲鈻犫枲鈻犫枲鈻犫枲鈻犫枲鈻犫枲鈻犫枲鈻犫枲鈻犫枲鈻犫枲鈻犫枲鈻犫枲鈻犫枲鈻犫枲                        |  70% of 104.3 MiB
#25 97.89 |鈻犫枲鈻犫枲鈻犫枲鈻犫枲鈻犫枲鈻犫枲鈻犫枲鈻犫枲鈻犫枲鈻犫枲鈻犫枲鈻犫枲鈻犫枲鈻犫枲鈻犫枲鈻犫枲鈻犫枲鈻犫枲鈻犫枲鈻犫枲鈻犫枲鈻犫枲鈻犫枲鈻犫枲鈻犫枲鈻犫枲鈻犫枲鈻犫枲鈻犫枲鈻犫枲鈻犫枲鈻犫枲                |  80% of 104.3 MiB
#25 99.51 |鈻犫枲鈻犫枲鈻犫枲鈻犫枲鈻犫枲鈻犫枲鈻犫枲鈻犫枲鈻犫枲鈻犫枲鈻犫枲鈻犫枲鈻犫枲鈻犫枲鈻犫枲鈻犫枲鈻犫枲鈻犫枲鈻犫枲鈻犫枲鈻犫枲鈻犫枲鈻犫枲鈻犫枲鈻犫枲鈻犫枲鈻犫枲鈻犫枲鈻犫枲鈻犫枲鈻犫枲鈻犫枲鈻犫枲鈻犫枲鈻犫枲鈻犫枲        |  90% of 104.3 MiB
#25 101.1 |鈻犫枲鈻犫枲鈻犫枲鈻犫枲鈻犫枲鈻犫枲鈻犫枲鈻犫枲鈻犫枲鈻犫枲鈻犫枲鈻犫枲鈻犫枲鈻犫枲鈻犫枲鈻犫枲鈻犫枲鈻犫枲鈻犫枲鈻犫枲鈻犫枲鈻犫枲鈻犫枲鈻犫枲鈻犫枲鈻犫枲鈻犫枲鈻犫枲鈻犫枲鈻犫枲鈻犫枲鈻犫枲鈻犫枲鈻犫枲鈻犫枲鈻犫枲鈻犫枲鈻犫枲鈻犫枲鈻犫枲| 100% of 104.3 MiB
#25 104.8 Chromium Headless Shell 140.0.7339.16 (playwright build v1187) downloaded to /ms-playwright/chromium_headless_shell-1187
#25 104.9 npm warn using --force Recommended protections disabled.
#25 DONE 105.1s

#26 [stage-1 11/12] RUN cd /app/skills-bundled/_shared/Spider_XHS     && npm install --no-audit --no-fund     && npm cache clean --force
#26 7.939 
#26 7.939 added 60 packages in 8s
#26 8.037 npm warn using --force Recommended protections disabled.
#26 DONE 8.3s

#27 [stage-1 12/12] RUN mkdir -p /app/var/agent-sandbox /app/skills     && chmod -R 755 /app/var /app/skills
#27 DONE 0.1s

#28 exporting to image
#28 exporting layers
#28 exporting layers 35.7s done
#28 exporting manifest sha256:c7e82af48d4a8aa6bc568ed163ba11009621bb08e1547ebb352fd000bdfed492 0.0s done
#28 exporting config sha256:3fbe04bf2279e1d6b59249cbdf5b22da6eb6f5b929a2918ea6953c889388889f 0.0s done
#28 exporting attestation manifest sha256:7b57101fc22fbd179a9dc1a9c8e05679cb40e2ced00134313b18d22383c2df8c 0.0s done
#28 exporting manifest list sha256:8289c99e032eba1aa92a8aa4ffcbb8a270e4c11ac8609f17858e5bda029e2a52 done
#28 naming to docker.io/library/paismart-backend:latest done
#28 unpacking to docker.io/library/paismart-backend:latest
